<?xml version="1.0" encoding="UTF-8"?>
<!-- Generated by org.testng.reporters.JUnitReportReporter -->
<testsuite skipped="0" hostname="Akshay" name="testNG.Practice" tests="5" failures="0" timestamp="22 May 2021 12:44:36 GMT" time="61.221" errors="0">
  <testcase name="Login1" time="15.024" classname="testNG.Practice"/>
  <testcase name="Login1" time="12.192" classname="testNG.Practice"/>
  <testcase name="Login1" time="10.579" classname="testNG.Practice"/>
  <testcase name="Login1" time="11.745" classname="testNG.Practice"/>
  <testcase name="Login1" time="11.681" classname="testNG.Practice"/>
</testsuite> <!-- testNG.Practice -->
