<?xml version="1.0" encoding="UTF-8"?>
<!-- Generated by org.testng.reporters.JUnitReportReporter -->
<testsuite skipped="0" hostname="Akshay" name="testNG.priority2" tests="1" failures="0" timestamp="26 May 2021 01:50:06 GMT" time="0.017" errors="0">
  <testcase name="m2" time="0.017" classname="testNG.priority2"/>
</testsuite> <!-- testNG.priority2 -->
