<?xml version="1.0" encoding="UTF-8"?>
<!-- Generated by org.testng.reporters.JUnitReportReporter -->
<testsuite skipped="0" hostname="Akshay" name="testNG.priority1" tests="1" failures="0" timestamp="26 May 2021 01:50:06 GMT" time="0.002" errors="0">
  <testcase name="m1" time="0.002" classname="testNG.priority1"/>
</testsuite> <!-- testNG.priority1 -->
